-- Found ament_cmake: 0.9.12 (/opt/ros/foxy/share/ament_cmake/cmake)
-- Using PYTHON_EXECUTABLE: /usr/bin/python3
-- Found rclcpp: 2.4.3 (/opt/ros/foxy/share/rclcpp/cmake)
-- Using all available rosidl_typesupport_c: rosidl_typesupport_fastrtps_c;rosidl_typesupport_introspection_c
-- Found rosidl_adapter: 1.3.1 (/opt/ros/foxy/share/rosidl_adapter/cmake)
-- Using all available rosidl_typesupport_cpp: rosidl_typesupport_fastrtps_cpp;rosidl_typesupport_introspection_cpp
-- Found rmw_implementation_cmake: 1.0.4 (/opt/ros/foxy/share/rmw_implementation_cmake/cmake)
-- Using RMW implementation 'rmw_fastrtps_cpp' as default
-- Configuring done
-- Generating done
-- Build files have been written to: /ros2_ws/build/tutorial_parameter
[100%] Built target parameter
-- Install configuration: ""
-- Up-to-date: /ros2_ws/install/tutorial_parameter/lib/tutorial_parameter/parameter
-- Installing: /ros2_ws/install/tutorial_parameter/share/tutorial_parameter//cfg
-- Installing: /ros2_ws/install/tutorial_parameter/share/tutorial_parameter//cfg/parameter.yaml
-- Up-to-date: /ros2_ws/install/tutorial_parameter/share/ament_index/resource_index/package_run_dependencies/tutorial_parameter
-- Installing: /ros2_ws/install/tutorial_parameter/share/ament_index/resource_index/parent_prefix_path/tutorial_parameter
-- Up-to-date: /ros2_ws/install/tutorial_parameter/share/tutorial_parameter/environment/ament_prefix_path.sh
-- Installing: /ros2_ws/install/tutorial_parameter/share/tutorial_parameter/environment/ament_prefix_path.dsv
-- Up-to-date: /ros2_ws/install/tutorial_parameter/share/tutorial_parameter/environment/path.sh
-- Installing: /ros2_ws/install/tutorial_parameter/share/tutorial_parameter/environment/path.dsv
-- Up-to-date: /ros2_ws/install/tutorial_parameter/share/tutorial_parameter/local_setup.bash
-- Up-to-date: /ros2_ws/install/tutorial_parameter/share/tutorial_parameter/local_setup.sh
-- Up-to-date: /ros2_ws/install/tutorial_parameter/share/tutorial_parameter/local_setup.zsh
-- Installing: /ros2_ws/install/tutorial_parameter/share/tutorial_parameter/local_setup.dsv
-- Installing: /ros2_ws/install/tutorial_parameter/share/tutorial_parameter/package.dsv
-- Up-to-date: /ros2_ws/install/tutorial_parameter/share/ament_index/resource_index/packages/tutorial_parameter
-- Up-to-date: /ros2_ws/install/tutorial_parameter/share/tutorial_parameter/cmake/tutorial_parameterConfig.cmake
-- Up-to-date: /ros2_ws/install/tutorial_parameter/share/tutorial_parameter/cmake/tutorial_parameterConfig-version.cmake
-- Up-to-date: /ros2_ws/install/tutorial_parameter/share/tutorial_parameter/package.xml
