[0.020s] Invoking command in '/ros2_ws/build/tutorial_parameter': CMAKE_PREFIX_PATH=${CMAKE_PREFIX_PATH}:/opt/ros/foxy /usr/bin/cmake --build /ros2_ws/build/tutorial_parameter -- -j8 -l8
[0.046s] -- Found ament_cmake: 0.9.12 (/opt/ros/foxy/share/ament_cmake/cmake)
[0.067s] -- Using PYTHON_EXECUTABLE: /usr/bin/python3
[0.205s] -- Found rclcpp: 2.4.3 (/opt/ros/foxy/share/rclcpp/cmake)
[0.236s] -- Using all available rosidl_typesupport_c: rosidl_typesupport_fastrtps_c;rosidl_typesupport_introspection_c
[0.239s] -- Found rosidl_adapter: 1.3.1 (/opt/ros/foxy/share/rosidl_adapter/cmake)
[0.352s] -- Using all available rosidl_typesupport_cpp: rosidl_typesupport_fastrtps_cpp;rosidl_typesupport_introspection_cpp
[0.395s] -- Found rmw_implementation_cmake: 1.0.4 (/opt/ros/foxy/share/rmw_implementation_cmake/cmake)
[0.396s] -- Using RMW implementation 'rmw_fastrtps_cpp' as default
[0.573s] -- Configuring done
[0.579s] -- Generating done
[0.580s] -- Build files have been written to: /ros2_ws/build/tutorial_parameter
[0.624s] [100%] Built target parameter
[0.635s] Invoked command in '/ros2_ws/build/tutorial_parameter' returned '0': CMAKE_PREFIX_PATH=${CMAKE_PREFIX_PATH}:/opt/ros/foxy /usr/bin/cmake --build /ros2_ws/build/tutorial_parameter -- -j8 -l8
[0.671s] Invoking command in '/ros2_ws/build/tutorial_parameter': CMAKE_PREFIX_PATH=${CMAKE_PREFIX_PATH}:/opt/ros/foxy /usr/bin/cmake --install /ros2_ws/build/tutorial_parameter
[0.679s] -- Install configuration: ""
[0.680s] -- Up-to-date: /ros2_ws/install/tutorial_parameter/lib/tutorial_parameter/parameter
[0.680s] -- Installing: /ros2_ws/install/tutorial_parameter/share/tutorial_parameter//cfg
[0.680s] -- Installing: /ros2_ws/install/tutorial_parameter/share/tutorial_parameter//cfg/parameter.yaml
[0.680s] -- Up-to-date: /ros2_ws/install/tutorial_parameter/share/ament_index/resource_index/package_run_dependencies/tutorial_parameter
[0.680s] -- Installing: /ros2_ws/install/tutorial_parameter/share/ament_index/resource_index/parent_prefix_path/tutorial_parameter
[0.680s] -- Up-to-date: /ros2_ws/install/tutorial_parameter/share/tutorial_parameter/environment/ament_prefix_path.sh
[0.680s] -- Installing: /ros2_ws/install/tutorial_parameter/share/tutorial_parameter/environment/ament_prefix_path.dsv
[0.680s] -- Up-to-date: /ros2_ws/install/tutorial_parameter/share/tutorial_parameter/environment/path.sh
[0.681s] -- Installing: /ros2_ws/install/tutorial_parameter/share/tutorial_parameter/environment/path.dsv
[0.681s] -- Up-to-date: /ros2_ws/install/tutorial_parameter/share/tutorial_parameter/local_setup.bash
[0.681s] -- Up-to-date: /ros2_ws/install/tutorial_parameter/share/tutorial_parameter/local_setup.sh
[0.681s] -- Up-to-date: /ros2_ws/install/tutorial_parameter/share/tutorial_parameter/local_setup.zsh
[0.681s] -- Installing: /ros2_ws/install/tutorial_parameter/share/tutorial_parameter/local_setup.dsv
[0.681s] -- Installing: /ros2_ws/install/tutorial_parameter/share/tutorial_parameter/package.dsv
[0.681s] -- Up-to-date: /ros2_ws/install/tutorial_parameter/share/ament_index/resource_index/packages/tutorial_parameter
[0.681s] -- Up-to-date: /ros2_ws/install/tutorial_parameter/share/tutorial_parameter/cmake/tutorial_parameterConfig.cmake
[0.681s] -- Up-to-date: /ros2_ws/install/tutorial_parameter/share/tutorial_parameter/cmake/tutorial_parameterConfig-version.cmake
[0.681s] -- Up-to-date: /ros2_ws/install/tutorial_parameter/share/tutorial_parameter/package.xml
[0.685s] Invoked command in '/ros2_ws/build/tutorial_parameter' returned '0': CMAKE_PREFIX_PATH=${CMAKE_PREFIX_PATH}:/opt/ros/foxy /usr/bin/cmake --install /ros2_ws/build/tutorial_parameter
