[0.020s] Invoking command in '/ros2_ws/build/tutorial_parameter': CMAKE_PREFIX_PATH=${CMAKE_PREFIX_PATH}:/opt/ros/foxy /usr/bin/cmake --build /ros2_ws/build/tutorial_parameter -- -j8 -l8
[0.046s] -- Found ament_cmake: 0.9.12 (/opt/ros/foxy/share/ament_cmake/cmake)
[0.067s] -- Using PYTHON_EXECUTABLE: /usr/bin/python3
[0.201s] -- Override CMake install command with custom implementation using symlinks instead of copying resources
[0.208s] -- Found rclcpp: 2.4.3 (/opt/ros/foxy/share/rclcpp/cmake)
[0.238s] -- Using all available rosidl_typesupport_c: rosidl_typesupport_fastrtps_c;rosidl_typesupport_introspection_c
[0.242s] -- Found rosidl_adapter: 1.3.1 (/opt/ros/foxy/share/rosidl_adapter/cmake)
[0.356s] -- Using all available rosidl_typesupport_cpp: rosidl_typesupport_fastrtps_cpp;rosidl_typesupport_introspection_cpp
[0.404s] -- Found rmw_implementation_cmake: 1.0.4 (/opt/ros/foxy/share/rmw_implementation_cmake/cmake)
[0.406s] -- Using RMW implementation 'rmw_fastrtps_cpp' as default
[0.534s] CMake Error at CMakeLists.txt:24 (add_executable):
[0.534s]   The target name "parameter:parameter_client" is reserved or not valid for
[0.534s]   certain CMake features, such as generator expressions, and may result in
[0.534s]   undefined behavior.
[0.534s] 
[0.535s] 
[0.535s] CMake Error at /opt/ros/foxy/share/ament_cmake_target_dependencies/cmake/ament_target_dependencies.cmake:42 (message):
[0.535s]   ament_target_dependencies() the first argument must be a valid target name
[0.535s] Call Stack (most recent call first):
[0.535s]   CMakeLists.txt:25 (ament_target_dependencies)
[0.535s] 
[0.535s] 
[0.535s] -- Configuring incomplete, errors occurred!
[0.536s] See also "/ros2_ws/build/tutorial_parameter/CMakeFiles/CMakeOutput.log".
[0.536s] See also "/ros2_ws/build/tutorial_parameter/CMakeFiles/CMakeError.log".
[0.540s] make: *** [Makefile:266: cmake_check_build_system] Error 1
[0.541s] Invoked command in '/ros2_ws/build/tutorial_parameter' returned '2': CMAKE_PREFIX_PATH=${CMAKE_PREFIX_PATH}:/opt/ros/foxy /usr/bin/cmake --build /ros2_ws/build/tutorial_parameter -- -j8 -l8
