[0.019s] Invoking command in '/ros2_ws/build/tutorial_parameter': CMAKE_PREFIX_PATH=${CMAKE_PREFIX_PATH}:/opt/ros/foxy /usr/bin/cmake --build /ros2_ws/build/tutorial_parameter -- -j8 -l8
[0.046s] -- Found ament_cmake: 0.9.12 (/opt/ros/foxy/share/ament_cmake/cmake)
[0.067s] -- Using PYTHON_EXECUTABLE: /usr/bin/python3
[0.204s] -- Override CMake install command with custom implementation using symlinks instead of copying resources
[0.212s] -- Found rclcpp: 2.4.3 (/opt/ros/foxy/share/rclcpp/cmake)
[0.245s] -- Using all available rosidl_typesupport_c: rosidl_typesupport_fastrtps_c;rosidl_typesupport_introspection_c
[0.248s] -- Found rosidl_adapter: 1.3.1 (/opt/ros/foxy/share/rosidl_adapter/cmake)
[0.365s] -- Using all available rosidl_typesupport_cpp: rosidl_typesupport_fastrtps_cpp;rosidl_typesupport_introspection_cpp
[0.410s] -- Found rmw_implementation_cmake: 1.0.4 (/opt/ros/foxy/share/rmw_implementation_cmake/cmake)
[0.412s] -- Using RMW implementation 'rmw_fastrtps_cpp' as default
[0.595s] -- Configuring done
[0.604s] -- Generating done
[0.606s] -- Build files have been written to: /ros2_ws/build/tutorial_parameter
[0.629s] [35m[1mScanning dependencies of target parameter_client[0m
[0.650s] [ 50%] Built target parameter
[0.661s] [ 75%] [32mBuilding CXX object CMakeFiles/parameter_client.dir/src/parameter_client.cpp.o[0m
[2.346s] [100%] [32m[1mLinking CXX executable parameter_client[0m
[2.462s] [100%] Built target parameter_client
[2.473s] Invoked command in '/ros2_ws/build/tutorial_parameter' returned '0': CMAKE_PREFIX_PATH=${CMAKE_PREFIX_PATH}:/opt/ros/foxy /usr/bin/cmake --build /ros2_ws/build/tutorial_parameter -- -j8 -l8
[2.513s] Invoking command in '/ros2_ws/build/tutorial_parameter': CMAKE_PREFIX_PATH=${CMAKE_PREFIX_PATH}:/opt/ros/foxy /usr/bin/cmake --install /ros2_ws/build/tutorial_parameter
[2.521s] -- Install configuration: ""
[2.522s] -- Execute custom install script
[2.522s] -- Up-to-date symlink: /ros2_ws/install/tutorial_parameter/lib/tutorial_parameter/parameter
[2.523s] -- Symlinking: /ros2_ws/install/tutorial_parameter/lib/tutorial_parameter/parameter_client
[2.532s] -- Up-to-date symlink: /ros2_ws/install/tutorial_parameter/share/tutorial_parameter//cfg/parameter.yaml
[2.533s] -- Up-to-date symlink: /ros2_ws/install/tutorial_parameter/share/ament_index/resource_index/package_run_dependencies/tutorial_parameter
[2.533s] -- Up-to-date symlink: /ros2_ws/install/tutorial_parameter/share/ament_index/resource_index/parent_prefix_path/tutorial_parameter
[2.533s] -- Up-to-date symlink: /ros2_ws/install/tutorial_parameter/share/tutorial_parameter/environment/ament_prefix_path.sh
[2.534s] -- Up-to-date symlink: /ros2_ws/install/tutorial_parameter/share/tutorial_parameter/environment/ament_prefix_path.dsv
[2.534s] -- Up-to-date symlink: /ros2_ws/install/tutorial_parameter/share/tutorial_parameter/environment/path.sh
[2.534s] -- Up-to-date symlink: /ros2_ws/install/tutorial_parameter/share/tutorial_parameter/environment/path.dsv
[2.535s] -- Up-to-date symlink: /ros2_ws/install/tutorial_parameter/share/tutorial_parameter/local_setup.bash
[2.535s] -- Up-to-date symlink: /ros2_ws/install/tutorial_parameter/share/tutorial_parameter/local_setup.sh
[2.535s] -- Up-to-date symlink: /ros2_ws/install/tutorial_parameter/share/tutorial_parameter/local_setup.zsh
[2.536s] -- Up-to-date symlink: /ros2_ws/install/tutorial_parameter/share/tutorial_parameter/local_setup.dsv
[2.536s] -- Symlinking: /ros2_ws/install/tutorial_parameter/share/tutorial_parameter/package.dsv
[2.545s] -- Up-to-date symlink: /ros2_ws/install/tutorial_parameter/share/ament_index/resource_index/packages/tutorial_parameter
[2.546s] -- Up-to-date symlink: /ros2_ws/install/tutorial_parameter/share/tutorial_parameter/cmake/tutorial_parameterConfig.cmake
[2.546s] -- Up-to-date symlink: /ros2_ws/install/tutorial_parameter/share/tutorial_parameter/cmake/tutorial_parameterConfig-version.cmake
[2.546s] -- Up-to-date symlink: /ros2_ws/install/tutorial_parameter/share/tutorial_parameter/package.xml
[2.549s] Invoked command in '/ros2_ws/build/tutorial_parameter' returned '0': CMAKE_PREFIX_PATH=${CMAKE_PREFIX_PATH}:/opt/ros/foxy /usr/bin/cmake --install /ros2_ws/build/tutorial_parameter
