[0.018s] Invoking command in '/ros2_ws/build/tutorial_parameter': CMAKE_PREFIX_PATH=${CMAKE_PREFIX_PATH}:/opt/ros/foxy /usr/bin/cmake /ros2_ws/tutorial_parameter -DAMENT_CMAKE_SYMLINK_INSTALL=1 -DCMAKE_INSTALL_PREFIX=/ros2_ws/install/tutorial_parameter
[0.034s] -- Found ament_cmake: 0.9.12 (/opt/ros/foxy/share/ament_cmake/cmake)
[0.055s] -- Using PYTHON_EXECUTABLE: /usr/bin/python3
[0.190s] -- Override CMake install command with custom implementation using symlinks instead of copying resources
[0.199s] -- Found rclcpp: 2.4.3 (/opt/ros/foxy/share/rclcpp/cmake)
[0.229s] -- Using all available rosidl_typesupport_c: rosidl_typesupport_fastrtps_c;rosidl_typesupport_introspection_c
[0.232s] -- Found rosidl_adapter: 1.3.1 (/opt/ros/foxy/share/rosidl_adapter/cmake)
[0.348s] -- Using all available rosidl_typesupport_cpp: rosidl_typesupport_fastrtps_cpp;rosidl_typesupport_introspection_cpp
[0.392s] -- Found rmw_implementation_cmake: 1.0.4 (/opt/ros/foxy/share/rmw_implementation_cmake/cmake)
[0.393s] -- Using RMW implementation 'rmw_fastrtps_cpp' as default
[0.581s] -- Configuring done
[0.587s] -- Generating done
[0.588s] -- Build files have been written to: /ros2_ws/build/tutorial_parameter
[0.593s] Invoked command in '/ros2_ws/build/tutorial_parameter' returned '0': CMAKE_PREFIX_PATH=${CMAKE_PREFIX_PATH}:/opt/ros/foxy /usr/bin/cmake /ros2_ws/tutorial_parameter -DAMENT_CMAKE_SYMLINK_INSTALL=1 -DCMAKE_INSTALL_PREFIX=/ros2_ws/install/tutorial_parameter
[0.596s] Invoking command in '/ros2_ws/build/tutorial_parameter': CMAKE_PREFIX_PATH=${CMAKE_PREFIX_PATH}:/opt/ros/foxy /usr/bin/cmake --build /ros2_ws/build/tutorial_parameter -- -j8 -l8
[0.658s] [ 50%] [32m[1mLinking CXX executable parameter[0m
[0.775s] [100%] Built target parameter
[0.786s] Invoked command in '/ros2_ws/build/tutorial_parameter' returned '0': CMAKE_PREFIX_PATH=${CMAKE_PREFIX_PATH}:/opt/ros/foxy /usr/bin/cmake --build /ros2_ws/build/tutorial_parameter -- -j8 -l8
[0.824s] Invoking command in '/ros2_ws/build/tutorial_parameter': CMAKE_PREFIX_PATH=${CMAKE_PREFIX_PATH}:/opt/ros/foxy /usr/bin/cmake --install /ros2_ws/build/tutorial_parameter
[0.832s] -- Install configuration: ""
[0.832s] -- Execute custom install script
[0.833s] -- Symlinking: /ros2_ws/install/tutorial_parameter/lib/tutorial_parameter/parameter
[0.843s] -- Symlinking: /ros2_ws/install/tutorial_parameter/share/tutorial_parameter//cfg/parameter.yaml
[0.856s] -- Symlinking: /ros2_ws/install/tutorial_parameter/share/ament_index/resource_index/package_run_dependencies/tutorial_parameter
[0.866s] -- Symlinking: /ros2_ws/install/tutorial_parameter/share/ament_index/resource_index/parent_prefix_path/tutorial_parameter
[0.876s] -- Symlinking: /ros2_ws/install/tutorial_parameter/share/tutorial_parameter/environment/ament_prefix_path.sh
[0.885s] -- Symlinking: /ros2_ws/install/tutorial_parameter/share/tutorial_parameter/environment/ament_prefix_path.dsv
[0.894s] -- Symlinking: /ros2_ws/install/tutorial_parameter/share/tutorial_parameter/environment/path.sh
[0.904s] -- Symlinking: /ros2_ws/install/tutorial_parameter/share/tutorial_parameter/environment/path.dsv
[0.914s] -- Symlinking: /ros2_ws/install/tutorial_parameter/share/tutorial_parameter/local_setup.bash
[0.923s] -- Symlinking: /ros2_ws/install/tutorial_parameter/share/tutorial_parameter/local_setup.sh
[0.932s] -- Symlinking: /ros2_ws/install/tutorial_parameter/share/tutorial_parameter/local_setup.zsh
[0.941s] -- Symlinking: /ros2_ws/install/tutorial_parameter/share/tutorial_parameter/local_setup.dsv
[0.951s] -- Symlinking: /ros2_ws/install/tutorial_parameter/share/tutorial_parameter/package.dsv
[0.960s] -- Symlinking: /ros2_ws/install/tutorial_parameter/share/ament_index/resource_index/packages/tutorial_parameter
[0.969s] -- Symlinking: /ros2_ws/install/tutorial_parameter/share/tutorial_parameter/cmake/tutorial_parameterConfig.cmake
[0.978s] -- Symlinking: /ros2_ws/install/tutorial_parameter/share/tutorial_parameter/cmake/tutorial_parameterConfig-version.cmake
[0.987s] -- Symlinking: /ros2_ws/install/tutorial_parameter/share/tutorial_parameter/package.xml
[0.998s] Invoked command in '/ros2_ws/build/tutorial_parameter' returned '0': CMAKE_PREFIX_PATH=${CMAKE_PREFIX_PATH}:/opt/ros/foxy /usr/bin/cmake --install /ros2_ws/build/tutorial_parameter
