-- The C compiler identification is GNU 9.4.0
-- The CXX compiler identification is GNU 9.4.0
-- Check for working C compiler: /usr/bin/cc
-- Check for working C compiler: /usr/bin/cc -- works
-- Detecting C compiler ABI info
-- Detecting C compiler ABI info - done
-- Detecting C compile features
-- Detecting C compile features - done
-- Check for working CXX compiler: /usr/bin/c++
-- Check for working CXX compiler: /usr/bin/c++ -- works
-- Detecting CXX compiler ABI info
-- Detecting CXX compiler ABI info - done
-- Detecting CXX compile features
-- Detecting CXX compile features - done
-- Found ament_cmake: 0.9.12 (/opt/ros/foxy/share/ament_cmake/cmake)
-- Found PythonInterp: /usr/bin/python3 (found suitable version "3.8.10", minimum required is "3") 
-- Using PYTHON_EXECUTABLE: /usr/bin/python3
-- Found rclcpp: 2.4.3 (/opt/ros/foxy/share/rclcpp/cmake)
-- Using all available rosidl_typesupport_c: rosidl_typesupport_fastrtps_c;rosidl_typesupport_introspection_c
-- Found rosidl_adapter: 1.3.1 (/opt/ros/foxy/share/rosidl_adapter/cmake)
-- Found OpenSSL: /usr/lib/x86_64-linux-gnu/libcrypto.so (found version "1.1.1f")  
-- Found FastRTPS: /opt/ros/foxy/include  
-- Using all available rosidl_typesupport_cpp: rosidl_typesupport_fastrtps_cpp;rosidl_typesupport_introspection_cpp
-- Found rmw_implementation_cmake: 1.0.4 (/opt/ros/foxy/share/rmw_implementation_cmake/cmake)
-- Using RMW implementation 'rmw_fastrtps_cpp' as default
-- Looking for pthread.h
-- Looking for pthread.h - found
-- Performing Test CMAKE_HAVE_LIBC_PTHREAD
-- Performing Test CMAKE_HAVE_LIBC_PTHREAD - Failed
-- Looking for pthread_create in pthreads
-- Looking for pthread_create in pthreads - not found
-- Looking for pthread_create in pthread
-- Looking for pthread_create in pthread - found
-- Found Threads: TRUE  
-- Configuring done
-- Generating done
-- Build files have been written to: /ros2_ws/build/tutorial_parameter
[35m[1mScanning dependencies of target parameter[0m
[ 50%] [32mBuilding CXX object CMakeFiles/parameter.dir/src/parameter.cpp.o[0m
[100%] [32m[1mLinking CXX executable parameter[0m
[100%] Built target parameter
-- Install configuration: ""
-- Installing: /ros2_ws/install/tutorial_parameter/lib/tutorial_parameter/parameter
-- Set runtime path of "/ros2_ws/install/tutorial_parameter/lib/tutorial_parameter/parameter" to ""
-- Installing: /ros2_ws/install/tutorial_parameter/share/ament_index/resource_index/package_run_dependencies/tutorial_parameter
-- Installing: /ros2_ws/install/tutorial_parameter/share/ament_index/resource_index/parent_prefix_path/tutorial_parameter
-- Installing: /ros2_ws/install/tutorial_parameter/share/tutorial_parameter/environment/ament_prefix_path.sh
-- Installing: /ros2_ws/install/tutorial_parameter/share/tutorial_parameter/environment/ament_prefix_path.dsv
-- Installing: /ros2_ws/install/tutorial_parameter/share/tutorial_parameter/environment/path.sh
-- Installing: /ros2_ws/install/tutorial_parameter/share/tutorial_parameter/environment/path.dsv
-- Installing: /ros2_ws/install/tutorial_parameter/share/tutorial_parameter/local_setup.bash
-- Installing: /ros2_ws/install/tutorial_parameter/share/tutorial_parameter/local_setup.sh
-- Installing: /ros2_ws/install/tutorial_parameter/share/tutorial_parameter/local_setup.zsh
-- Installing: /ros2_ws/install/tutorial_parameter/share/tutorial_parameter/local_setup.dsv
-- Installing: /ros2_ws/install/tutorial_parameter/share/tutorial_parameter/package.dsv
-- Installing: /ros2_ws/install/tutorial_parameter/share/ament_index/resource_index/packages/tutorial_parameter
-- Installing: /ros2_ws/install/tutorial_parameter/share/tutorial_parameter/cmake/tutorial_parameterConfig.cmake
-- Installing: /ros2_ws/install/tutorial_parameter/share/tutorial_parameter/cmake/tutorial_parameterConfig-version.cmake
-- Installing: /ros2_ws/install/tutorial_parameter/share/tutorial_parameter/package.xml
