[0.017s] Invoking command in '/ros2_ws/build/tutorial_parameter': CMAKE_PREFIX_PATH=/opt/ros/foxy /usr/bin/cmake /ros2_ws/tutorial_parameter -DCMAKE_INSTALL_PREFIX=/ros2_ws/install/tutorial_parameter
[0.073s] -- The C compiler identification is GNU 9.4.0
[0.125s] -- The CXX compiler identification is GNU 9.4.0
[0.130s] -- Check for working C compiler: /usr/bin/cc
[0.195s] -- Check for working C compiler: /usr/bin/cc -- works
[0.196s] -- Detecting C compiler ABI info
[0.263s] -- Detecting C compiler ABI info - done
[0.274s] -- Detecting C compile features
[0.275s] -- Detecting C compile features - done
[0.277s] -- Check for working CXX compiler: /usr/bin/c++
[0.354s] -- Check for working CXX compiler: /usr/bin/c++ -- works
[0.355s] -- Detecting CXX compiler ABI info
[0.432s] -- Detecting CXX compiler ABI info - done
[0.444s] -- Detecting CXX compile features
[0.445s] -- Detecting CXX compile features - done
[0.447s] -- Found ament_cmake: 0.9.12 (/opt/ros/foxy/share/ament_cmake/cmake)
[0.470s] -- Found PythonInterp: /usr/bin/python3 (found suitable version "3.8.10", minimum required is "3") 
[0.471s] -- Using PYTHON_EXECUTABLE: /usr/bin/python3
[0.634s] -- Found rclcpp: 2.4.3 (/opt/ros/foxy/share/rclcpp/cmake)
[0.678s] -- Using all available rosidl_typesupport_c: rosidl_typesupport_fastrtps_c;rosidl_typesupport_introspection_c
[0.684s] -- Found rosidl_adapter: 1.3.1 (/opt/ros/foxy/share/rosidl_adapter/cmake)
[0.759s] -- Found OpenSSL: /usr/lib/x86_64-linux-gnu/libcrypto.so (found version "1.1.1f")  
[0.787s] -- Found FastRTPS: /opt/ros/foxy/include  
[0.864s] -- Using all available rosidl_typesupport_cpp: rosidl_typesupport_fastrtps_cpp;rosidl_typesupport_introspection_cpp
[0.916s] -- Found rmw_implementation_cmake: 1.0.4 (/opt/ros/foxy/share/rmw_implementation_cmake/cmake)
[0.917s] -- Using RMW implementation 'rmw_fastrtps_cpp' as default
[0.918s] -- Looking for pthread.h
[0.983s] -- Looking for pthread.h - found
[0.983s] -- Performing Test CMAKE_HAVE_LIBC_PTHREAD
[1.053s] -- Performing Test CMAKE_HAVE_LIBC_PTHREAD - Failed
[1.053s] -- Looking for pthread_create in pthreads
[1.110s] -- Looking for pthread_create in pthreads - not found
[1.110s] -- Looking for pthread_create in pthread
[1.177s] -- Looking for pthread_create in pthread - found
[1.178s] -- Found Threads: TRUE  
[1.381s] -- Configuring done
[1.387s] -- Generating done
[1.388s] -- Build files have been written to: /ros2_ws/build/tutorial_parameter
[1.394s] Invoked command in '/ros2_ws/build/tutorial_parameter' returned '0': CMAKE_PREFIX_PATH=/opt/ros/foxy /usr/bin/cmake /ros2_ws/tutorial_parameter -DCMAKE_INSTALL_PREFIX=/ros2_ws/install/tutorial_parameter
[1.397s] Invoking command in '/ros2_ws/build/tutorial_parameter': CMAKE_PREFIX_PATH=/opt/ros/foxy /usr/bin/cmake --build /ros2_ws/build/tutorial_parameter -- -j8 -l8
[1.440s] [35m[1mScanning dependencies of target parameter[0m
[1.472s] [ 50%] [32mBuilding CXX object CMakeFiles/parameter.dir/src/parameter.cpp.o[0m
[3.192s] [100%] [32m[1mLinking CXX executable parameter[0m
[3.310s] [100%] Built target parameter
[3.322s] Invoked command in '/ros2_ws/build/tutorial_parameter' returned '0': CMAKE_PREFIX_PATH=/opt/ros/foxy /usr/bin/cmake --build /ros2_ws/build/tutorial_parameter -- -j8 -l8
[3.358s] Invoking command in '/ros2_ws/build/tutorial_parameter': CMAKE_PREFIX_PATH=/opt/ros/foxy /usr/bin/cmake --install /ros2_ws/build/tutorial_parameter
[3.366s] -- Install configuration: ""
[3.366s] -- Installing: /ros2_ws/install/tutorial_parameter/lib/tutorial_parameter/parameter
[3.367s] -- Set runtime path of "/ros2_ws/install/tutorial_parameter/lib/tutorial_parameter/parameter" to ""
[3.367s] -- Installing: /ros2_ws/install/tutorial_parameter/share/ament_index/resource_index/package_run_dependencies/tutorial_parameter
[3.367s] -- Installing: /ros2_ws/install/tutorial_parameter/share/ament_index/resource_index/parent_prefix_path/tutorial_parameter
[3.367s] -- Installing: /ros2_ws/install/tutorial_parameter/share/tutorial_parameter/environment/ament_prefix_path.sh
[3.368s] -- Installing: /ros2_ws/install/tutorial_parameter/share/tutorial_parameter/environment/ament_prefix_path.dsv
[3.368s] -- Installing: /ros2_ws/install/tutorial_parameter/share/tutorial_parameter/environment/path.sh
[3.368s] -- Installing: /ros2_ws/install/tutorial_parameter/share/tutorial_parameter/environment/path.dsv
[3.368s] -- Installing: /ros2_ws/install/tutorial_parameter/share/tutorial_parameter/local_setup.bash
[3.368s] -- Installing: /ros2_ws/install/tutorial_parameter/share/tutorial_parameter/local_setup.sh
[3.368s] -- Installing: /ros2_ws/install/tutorial_parameter/share/tutorial_parameter/local_setup.zsh
[3.368s] -- Installing: /ros2_ws/install/tutorial_parameter/share/tutorial_parameter/local_setup.dsv
[3.368s] -- Installing: /ros2_ws/install/tutorial_parameter/share/tutorial_parameter/package.dsv
[3.368s] -- Installing: /ros2_ws/install/tutorial_parameter/share/ament_index/resource_index/packages/tutorial_parameter
[3.369s] -- Installing: /ros2_ws/install/tutorial_parameter/share/tutorial_parameter/cmake/tutorial_parameterConfig.cmake
[3.369s] -- Installing: /ros2_ws/install/tutorial_parameter/share/tutorial_parameter/cmake/tutorial_parameterConfig-version.cmake
[3.369s] -- Installing: /ros2_ws/install/tutorial_parameter/share/tutorial_parameter/package.xml
[3.372s] Invoked command in '/ros2_ws/build/tutorial_parameter' returned '0': CMAKE_PREFIX_PATH=/opt/ros/foxy /usr/bin/cmake --install /ros2_ws/build/tutorial_parameter
